2025.05.29 12:40:20 INFO  Started: Metals version 1.5.3 in folders '/Users/kirtisikka/Downloads/leave-management-system/backend' for client Visual Studio Code 1.100.2.[0m
2025.05.29 12:40:22 INFO  no build target found for /Users/kirtisikka/Downloads/leave-management-system/backend/src/main/scala/Main.scala. Using presentation compiler with project's scala-library version: 3.3.6[0m
2025.05.29 12:40:22 INFO  no build target found for /Users/kirtisikka/Downloads/leave-management-system/backend/src/main/scala/Main.scala. Using presentation compiler with project's scala-library version: 3.3.6[0m
May 29, 2025 12:40:23 PM org.eclipse.lsp4j.jsonrpc.RemoteEndpoint handleCancellation
WARNING: Unmatched cancel notification for request id 1
May 29, 2025 12:40:23 PM org.eclipse.lsp4j.jsonrpc.RemoteEndpoint handleCancellation
WARNING: Unmatched cancel notification for request id 4
2025.05.29 12:40:22 INFO  no build target found for /Users/kirtisikka/Downloads/leave-management-system/backend/src/main/scala/Main.scala. Using presentation compiler with project's scala-library version: 3.3.6[0m
May 29, 2025 12:40:23 PM org.eclipse.lsp4j.jsonrpc.RemoteEndpoint handleCancellation
WARNING: Unmatched cancel notification for request id 5
May 29, 2025 12:40:23 PM org.eclipse.lsp4j.jsonrpc.RemoteEndpoint handleCancellation
WARNING: Unmatched cancel notification for request id 6
May 29, 2025 12:40:23 PM org.eclipse.lsp4j.jsonrpc.RemoteEndpoint handleCancellation
WARNING: Unmatched cancel notification for request id 3
May 29, 2025 12:40:23 PM org.eclipse.lsp4j.jsonrpc.RemoteEndpoint handleCancellation
WARNING: Unmatched cancel notification for request id 7
2025.05.29 12:40:22 INFO  no build target found for /Users/kirtisikka/Downloads/leave-management-system/backend/build.sbt. Using presentation compiler with project's scala-library version: 3.3.6[0m
2025.05.29 12:40:23 INFO  no build target found for /Users/kirtisikka/Downloads/leave-management-system/backend/build.sbt. Using presentation compiler with project's scala-library version: 3.3.6[0m
2025.05.29 12:40:22 INFO  no build target found for /Users/kirtisikka/Downloads/leave-management-system/backend/build.sbt. Using presentation compiler with project's scala-library version: 3.3.6[0m
May 29, 2025 12:40:23 PM org.eclipse.lsp4j.jsonrpc.RemoteEndpoint handleCancellation
WARNING: Unmatched cancel notification for request id 8
2025.05.29 12:40:22 INFO  no build target found for /Users/kirtisikka/Downloads/leave-management-system/backend/build.sbt. Using presentation compiler with project's scala-library version: 3.3.6[0m
2025.05.29 12:40:22 INFO  no build target found for /Users/kirtisikka/Downloads/leave-management-system/backend/build.sbt. Using presentation compiler with project's scala-library version: 3.3.6[0m
2025.05.29 12:40:23 INFO  no build target found for /Users/kirtisikka/Downloads/leave-management-system/backend/build.sbt. Using presentation compiler with project's scala-library version: 3.3.6[0m
2025.05.29 12:40:23 INFO  no build target found for /Users/kirtisikka/Downloads/leave-management-system/backend/build.sbt. Using presentation compiler with project's scala-library version: 3.3.6[0m
2025.05.29 12:40:27 INFO  no build target found for /Users/kirtisikka/Downloads/leave-management-system/backend/build.sbt. Using presentation compiler with project's scala-library version: 3.3.6[0m
2025.05.29 12:40:29 INFO  no build target found for /Users/kirtisikka/Downloads/leave-management-system/backend/build.sbt. Using presentation compiler with project's scala-library version: 3.3.6[0m
May 29, 2025 12:40:42 PM org.eclipse.lsp4j.jsonrpc.services.GenericEndpoint notify
INFO: Unsupported notification method: $/setTrace
2025.05.29 12:40:45 WARN  no build target for: /Users/kirtisikka/Downloads/leave-management-system/backend/build.sbt[0m
2025.05.29 12:40:45 INFO  no build target found for /Users/kirtisikka/Downloads/leave-management-system/backend/build.sbt. Using presentation compiler with project's scala-library version: 3.3.6[0m
2025.05.29 12:40:45 WARN  Could not find semantic tokens for: file:///Users/kirtisikka/Downloads/leave-management-system/backend/build.sbt[0m
2025.05.29 12:41:43 INFO  no build target found for /Users/kirtisikka/Downloads/leave-management-system/backend/build.sbt. Using presentation compiler with project's scala-library version: 3.3.6[0m
2025.05.29 12:41:43 INFO  no build target found for /Users/kirtisikka/Downloads/leave-management-system/backend/build.sbt. Using presentation compiler with project's scala-library version: 3.3.6[0m
2025.05.29 12:41:43 INFO  no build target found for /Users/kirtisikka/Downloads/leave-management-system/backend/build.sbt. Using presentation compiler with project's scala-library version: 3.3.6[0m
2025.05.29 12:41:43 WARN  Could not find semantic tokens for: file:///Users/kirtisikka/Downloads/leave-management-system/backend/build.sbt[0m
2025.05.29 12:41:44 WARN  no build target for: /Users/kirtisikka/Downloads/leave-management-system/backend/build.sbt[0m
2025.05.29 12:41:44 INFO  no build target found for /Users/kirtisikka/Downloads/leave-management-system/backend/build.sbt. Using presentation compiler with project's scala-library version: 3.3.6[0m
2025.05.29 12:41:44 INFO  no build target found for /Users/kirtisikka/Downloads/leave-management-system/backend/build.sbt. Using presentation compiler with project's scala-library version: 3.3.6[0m
2025.05.29 12:41:44 INFO  no build target found for /Users/kirtisikka/Downloads/leave-management-system/backend/build.sbt. Using presentation compiler with project's scala-library version: 3.3.6[0m
2025.05.29 12:41:44 WARN  Could not find semantic tokens for: file:///Users/kirtisikka/Downloads/leave-management-system/backend/build.sbt[0m
2025.05.29 12:41:55 WARN  no build target for: /Users/kirtisikka/Downloads/leave-management-system/backend/src/main/scala/Main.scala[0m
2025.05.29 12:41:55 INFO  no build target found for /Users/kirtisikka/Downloads/leave-management-system/backend/src/main/scala/Main.scala. Using presentation compiler with project's scala-library version: 3.3.6[0m
2025.05.29 12:41:55 INFO  no build target found for /Users/kirtisikka/Downloads/leave-management-system/backend/src/main/scala/Main.scala. Using presentation compiler with project's scala-library version: 3.3.6[0m
2025.05.29 12:41:55 INFO  no build target found for /Users/kirtisikka/Downloads/leave-management-system/backend/src/main/scala/Main.scala. Using presentation compiler with project's scala-library version: 3.3.6[0m
2025.05.29 12:41:55 INFO  no build target found for /Users/kirtisikka/Downloads/leave-management-system/backend/src/main/scala/Main.scala. Using presentation compiler with project's scala-library version: 3.3.6[0m
2025.05.29 12:41:55 INFO  no build target found for /Users/kirtisikka/Downloads/leave-management-system/backend/src/main/scala/Main.scala. Using presentation compiler with project's scala-library version: 3.3.6[0m
2025.05.29 12:41:55 INFO  no build target found for /Users/kirtisikka/Downloads/leave-management-system/backend/src/main/scala/Main.scala. Using presentation compiler with project's scala-library version: 3.3.6[0m
2025.05.29 12:41:57 INFO  no build target found for /Users/kirtisikka/Downloads/leave-management-system/backend/src/main/scala/Main.scala. Using presentation compiler with project's scala-library version: 3.3.6[0m
2025.05.29 12:41:57 INFO  no build target found for /Users/kirtisikka/Downloads/leave-management-system/backend/src/main/scala/Main.scala. Using presentation compiler with project's scala-library version: 3.3.6[0m
2025.05.29 12:41:58 WARN  no build target for: /Users/kirtisikka/Downloads/leave-management-system/backend/src/main/scala/Main.scala[0m
2025.05.29 12:41:58 INFO  no build target found for /Users/kirtisikka/Downloads/leave-management-system/backend/src/main/scala/Main.scala. Using presentation compiler with project's scala-library version: 3.3.6[0m
2025.05.29 12:41:58 INFO  no build target found for /Users/kirtisikka/Downloads/leave-management-system/backend/src/main/scala/Main.scala. Using presentation compiler with project's scala-library version: 3.3.6[0m
2025.05.29 12:43:05 INFO  Shutting down server[0m
2025.05.29 12:43:05 INFO  shutting down Metals[0m
2025.05.29 12:43:05 INFO  Exiting server[0m
